d:\rproject\e2utility\template\template\release\e2utility.pch
d:\rproject\e2utility\template\template\release\vc141.pdb
d:\rproject\e2utility\template\template\release\stdafx.obj
d:\rproject\e2utility\template\template\release\clipper.obj
d:\rproject\e2utility\template\template\release\template.obj
d:\rproject\e2utility\template\template\release\summoners.obj
d:\rproject\e2utility\template\template\release\dllmain.obj
d:\rproject\e2utility\template\template\release\activator.obj
d:\rproject\e2utility\template\template\release\consumables.obj
d:\rproject\e2utility\template\release\e2utility.ipdb
d:\rproject\e2utility\template\release\e2utility.iobj
d:\rproject\e2utility\template\release\e2utility.dll
d:\rproject\e2utility\template\release\e2utility.pdb
d:\rproject\e2utility\template\template\release\e2utility.tlog\cl.command.1.tlog
d:\rproject\e2utility\template\template\release\e2utility.tlog\cl.read.1.tlog
d:\rproject\e2utility\template\template\release\e2utility.tlog\cl.write.1.tlog
d:\rproject\e2utility\template\template\release\e2utility.tlog\e2utility.write.1u.tlog
d:\rproject\e2utility\template\template\release\e2utility.tlog\link.command.1.tlog
d:\rproject\e2utility\template\template\release\e2utility.tlog\link.read.1.tlog
d:\rproject\e2utility\template\template\release\e2utility.tlog\link.write.1.tlog
