d:\rproject\e2utility2\template\template\release\e2utility2.0.pch
d:\rproject\e2utility2\template\template\release\vc142.pdb
d:\rproject\e2utility2\template\template\release\stdafx.obj
d:\rproject\e2utility2\template\template\release\clipper.obj
d:\rproject\e2utility2\template\template\release\wardstraps.obj
d:\rproject\e2utility2\template\template\release\trackers.obj
d:\rproject\e2utility2\template\template\release\texthelpers.obj
d:\rproject\e2utility2\template\template\release\parent.obj
d:\rproject\e2utility2\template\template\release\loader.obj
d:\rproject\e2utility2\template\template\release\drawings.obj
d:\rproject\e2utility2\template\template\release\dllmain.obj
d:\rproject\e2utility2\template\template\release\cooldowntracker.obj
d:\rproject\e2utility2\template\template\release\child.obj
d:\rproject\e2utility2\template\template\release\callbacks.obj
d:\rproject\e2utility2\template\template\release\sidebar.obj
d:\rproject\e2utility2\template\release\e2utility2.0.ipdb
d:\rproject\e2utility2\template\release\e2utility2.0.iobj
d:\rproject\e2utility2\template\release\e2utility2.0.dll
d:\rproject\e2utility2\template\release\e2utility2.0.pdb
d:\rproject\e2utility2\template\template\release\e2utility2.0.res
d:\rproject\e2utility2\template\template\release\e2utility2.0.tlog\cl.command.1.tlog
d:\rproject\e2utility2\template\template\release\e2utility2.0.tlog\cl.read.1.tlog
d:\rproject\e2utility2\template\template\release\e2utility2.0.tlog\cl.write.1.tlog
d:\rproject\e2utility2\template\template\release\e2utility2.0.tlog\e2utility2.0.write.1u.tlog
d:\rproject\e2utility2\template\template\release\e2utility2.0.tlog\link.command.1.tlog
d:\rproject\e2utility2\template\template\release\e2utility2.0.tlog\link.read.1.tlog
d:\rproject\e2utility2\template\template\release\e2utility2.0.tlog\link.write.1.tlog
d:\rproject\e2utility2\template\template\release\e2utility2.0.tlog\rc.command.1.tlog
d:\rproject\e2utility2\template\template\release\e2utility2.0.tlog\rc.read.1.tlog
d:\rproject\e2utility2\template\template\release\e2utility2.0.tlog\rc.write.1.tlog
