D:\Microsoft Visual Studio\2017\Community\Common7\IDE\VC\VCTargets\Microsoft.CppBuild.targets(391,5): warning MSB8028: The intermediate directory (Release\) contains files shared from another project (Template.vcxproj).  This can lead to incorrect clean and rebuild behavior.
  Kalista.cpp
d:\rproject\kalista\template\template\kalista.cpp(413): warning C4244: 'initializing': conversion from '_Ty' to 'float', possible loss of data
          with
          [
              _Ty=int
          ]
d:\microsoft visual studio\2017\community\vc\tools\msvc\14.16.27023\include\numeric(26): warning C4244: 'argument': conversion from '_Ty' to 'float', possible loss of data
          with
          [
              _Ty=int
          ]
  d:\rproject\kalista\template\template\kalista.cpp(414): note: see reference to function template instantiation '_Ty std::accumulate<std::_Tree_iterator<std::_Tree_val<std::_Tree_simple_types<std::pair<const _Kty,float>>>>,int,Kalista::UseEBeforeDeath::<lambda_36851e9d655bf0fcc7a8bffc36d54027>>(const _InIt,const _InIt,_Ty,_Fn)' being compiled
          with
          [
              _Ty=int,
              _Kty=float,
              _InIt=std::_Tree_iterator<std::_Tree_val<std::_Tree_simple_types<std::pair<const float,float>>>>,
              _Fn=Kalista::UseEBeforeDeath::<lambda_36851e9d655bf0fcc7a8bffc36d54027>
          ]
d:\microsoft visual studio\2017\community\vc\tools\msvc\14.16.27023\include\numeric(26): warning C4244: '=': conversion from 'float' to '_Ty', possible loss of data
          with
          [
              _Ty=int
          ]
  KalistaSpells.cpp
  Generating code
  0 of 3116 functions ( 0.0%) were compiled, the rest were copied from previous compilation.
    0 functions were new in current compilation
    0 functions had inline decision re-evaluated but remain unchanged
  Finished generating code
  Template.vcxproj -> D:\RProject\Kalista\Template\Release\SlayerAIO.dll
